INFO - 06/10/20 15:44:07 - 0:00:00 - ============ Initialized logger ============
INFO - 06/10/20 15:44:07 - 0:00:00 - adversarial: True
                                     all_langs: ['nl', 'en']
                                     batch_size: 32
                                     cuda: True
                                     device: cpu
                                     dico_build: S2T&T2S
                                     dico_eval: default
                                     dico_max_rank: 15000
                                     dico_max_size: 0
                                     dico_method: csls_knn_10
                                     dico_min_size: 0
                                     dico_threshold: 0
                                     dis_clip_weights: 0
                                     dis_dropout: 0.0
                                     dis_hid_dim: 2048
                                     dis_input_dropout: 0.1
                                     dis_lambda: 1
                                     dis_layers: 2
                                     dis_most_frequent: 0
                                     dis_optimizer: sgd,lr=0.1
                                     dis_smooth: 0.1
                                     dis_steps: 5
                                     emb_dim: 300
                                     epoch_size: 4000
                                     exp_id: 
                                     exp_name: debug
                                     exp_path: /home/arjan/Language_Technology_Project/LTP-TopicModel/EmbeddedDocs/dumped/debug/j5t3i68gvr
                                     export: 
                                     lr_decay: 0.98
                                     lr_shrink: 0.5
                                     map_beta: 0.001
                                     map_id_init: True
                                     map_optimizer: sgd,lr=0.1
                                     max_vocab: -1
                                     min_lr: 1e-06
                                     n_epochs: 5
                                     normalize_embeddings: 
                                     seed: -1
                                     src_N: 1
                                     src_embs: ['data/fasttext-vectors/wiki.nl.vec']
                                     src_langs: ['nl']
                                     tgt_emb: data/fasttext-vectors/wiki.en.vec
                                     tgt_lang: en
                                     verbose: 2
INFO - 06/10/20 15:44:07 - 0:00:00 - The experiment will be stored in /home/arjan/Language_Technology_Project/LTP-TopicModel/EmbeddedDocs/dumped/debug/j5t3i68gvr
INFO - 06/10/20 15:45:19 - 0:01:12 - collecting all words and their counts
WARNING - 06/10/20 15:45:19 - 0:01:12 - Each 'words' should be a list of words (usually unicode strings). First 'words' here is instead plain <class 'str'>.
INFO - 06/10/20 15:45:19 - 0:01:12 - PROGRESS: at example #0, processed 0 words (0/s), 0 word types, 0 tags
INFO - 06/10/20 15:45:20 - 0:01:12 - PROGRESS: at example #10000, processed 7941402 words (13336853/s), 931 word types, 10000 tags
INFO - 06/10/20 15:45:21 - 0:01:13 - PROGRESS: at example #20000, processed 15953830 words (12486419/s), 1414 word types, 20000 tags
INFO - 06/10/20 15:45:21 - 0:01:13 - collected 1589 word types and 24259 unique tags from a corpus of 24259 examples and 19437238 words
INFO - 06/10/20 15:45:21 - 0:01:13 - Loading a fresh vocabulary
INFO - 06/10/20 15:45:21 - 0:01:13 - effective_min_count=1 retains 1589 unique words (100% of original 1589, drops 0)
INFO - 06/10/20 15:45:21 - 0:01:13 - effective_min_count=1 leaves 19437238 word corpus (100% of original 19437238, drops 0)
INFO - 06/10/20 15:45:21 - 0:01:13 - deleting the raw counts dictionary of 1589 items
INFO - 06/10/20 15:45:21 - 0:01:13 - sample=0.001 downsamples 34 most-common words
INFO - 06/10/20 15:45:21 - 0:01:13 - downsampling leaves estimated 4704949 word corpus (24.2% of prior 19437238)
INFO - 06/10/20 15:45:21 - 0:01:13 - estimated required memory for 1589 words and 300 dimensions: 33718900 bytes
INFO - 06/10/20 15:45:21 - 0:01:13 - resetting layer weights
INFO - 06/10/20 15:45:26 - 0:01:18 - training model with 4 workers on 1589 vocabulary and 300 features, using sg=0 hs=0 sample=0.001 negative=5 window=2
INFO - 06/10/20 15:45:27 - 0:01:19 - EPOCH 1 - PROGRESS: at 16.07% examples, 720239 words/s, in_qsize 7, out_qsize 0
INFO - 06/10/20 15:45:28 - 0:01:20 - EPOCH 1 - PROGRESS: at 31.09% examples, 717117 words/s, in_qsize 8, out_qsize 1
INFO - 06/10/20 15:45:29 - 0:01:21 - EPOCH 1 - PROGRESS: at 46.65% examples, 719969 words/s, in_qsize 7, out_qsize 0
INFO - 06/10/20 15:45:30 - 0:01:22 - EPOCH 1 - PROGRESS: at 63.40% examples, 720480 words/s, in_qsize 7, out_qsize 0
INFO - 06/10/20 15:45:31 - 0:01:23 - EPOCH 1 - PROGRESS: at 78.50% examples, 723561 words/s, in_qsize 7, out_qsize 0
INFO - 06/10/20 15:45:32 - 0:01:24 - EPOCH 1 - PROGRESS: at 92.85% examples, 723968 words/s, in_qsize 7, out_qsize 0
DEBUG - 06/10/20 15:45:32 - 0:01:25 - job loop exiting, total 2210 jobs
DEBUG - 06/10/20 15:45:32 - 0:01:25 - worker exiting, processed 556 jobs
DEBUG - 06/10/20 15:45:32 - 0:01:25 - worker exiting, processed 554 jobs
INFO - 06/10/20 15:45:32 - 0:01:25 - worker thread finished; awaiting finish of 3 more threads
DEBUG - 06/10/20 15:45:32 - 0:01:25 - worker exiting, processed 554 jobs
DEBUG - 06/10/20 15:45:32 - 0:01:25 - worker exiting, processed 546 jobs
INFO - 06/10/20 15:45:32 - 0:01:25 - worker thread finished; awaiting finish of 2 more threads
INFO - 06/10/20 15:45:32 - 0:01:25 - worker thread finished; awaiting finish of 1 more threads
INFO - 06/10/20 15:45:32 - 0:01:25 - worker thread finished; awaiting finish of 0 more threads
INFO - 06/10/20 15:45:32 - 0:01:25 - EPOCH - 1 : training on 19437238 raw words (4706137 effective words) took 6.5s, 725972 effective words/s
INFO - 06/10/20 15:45:33 - 0:01:26 - EPOCH 2 - PROGRESS: at 17.66% examples, 792327 words/s, in_qsize 6, out_qsize 1
INFO - 06/10/20 15:45:34 - 0:01:27 - EPOCH 2 - PROGRESS: at 34.12% examples, 789168 words/s, in_qsize 8, out_qsize 0
INFO - 06/10/20 15:45:35 - 0:01:28 - EPOCH 2 - PROGRESS: at 52.18% examples, 796703 words/s, in_qsize 7, out_qsize 0
INFO - 06/10/20 15:45:36 - 0:01:29 - EPOCH 2 - PROGRESS: at 69.32% examples, 780467 words/s, in_qsize 8, out_qsize 0
INFO - 06/10/20 15:45:37 - 0:01:30 - EPOCH 2 - PROGRESS: at 85.27% examples, 797089 words/s, in_qsize 8, out_qsize 0
DEBUG - 06/10/20 15:45:38 - 0:01:31 - job loop exiting, total 2210 jobs
DEBUG - 06/10/20 15:45:38 - 0:01:31 - worker exiting, processed 557 jobs
INFO - 06/10/20 15:45:38 - 0:01:31 - worker thread finished; awaiting finish of 3 more threads
DEBUG - 06/10/20 15:45:38 - 0:01:31 - worker exiting, processed 556 jobs
INFO - 06/10/20 15:45:38 - 0:01:31 - worker thread finished; awaiting finish of 2 more threads
DEBUG - 06/10/20 15:45:38 - 0:01:31 - worker exiting, processed 550 jobs
INFO - 06/10/20 15:45:38 - 0:01:31 - worker thread finished; awaiting finish of 1 more threads
DEBUG - 06/10/20 15:45:38 - 0:01:31 - worker exiting, processed 547 jobs
INFO - 06/10/20 15:45:38 - 0:01:31 - worker thread finished; awaiting finish of 0 more threads
INFO - 06/10/20 15:45:38 - 0:01:31 - EPOCH - 2 : training on 19437238 raw words (4706294 effective words) took 5.9s, 798400 effective words/s
INFO - 06/10/20 15:45:39 - 0:01:32 - EPOCH 3 - PROGRESS: at 17.94% examples, 805227 words/s, in_qsize 7, out_qsize 0
INFO - 06/10/20 15:45:40 - 0:01:33 - EPOCH 3 - PROGRESS: at 34.76% examples, 805247 words/s, in_qsize 7, out_qsize 0
INFO - 06/10/20 15:45:41 - 0:01:34 - EPOCH 3 - PROGRESS: at 51.87% examples, 791766 words/s, in_qsize 7, out_qsize 0
INFO - 06/10/20 15:45:42 - 0:01:35 - EPOCH 3 - PROGRESS: at 69.12% examples, 779878 words/s, in_qsize 8, out_qsize 0
INFO - 06/10/20 15:45:43 - 0:01:36 - EPOCH 3 - PROGRESS: at 84.38% examples, 789142 words/s, in_qsize 7, out_qsize 1
DEBUG - 06/10/20 15:45:44 - 0:01:37 - job loop exiting, total 2210 jobs
DEBUG - 06/10/20 15:45:44 - 0:01:37 - worker exiting, processed 551 jobs
INFO - 06/10/20 15:45:44 - 0:01:37 - worker thread finished; awaiting finish of 3 more threads
DEBUG - 06/10/20 15:45:44 - 0:01:37 - worker exiting, processed 555 jobs
INFO - 06/10/20 15:45:44 - 0:01:37 - worker thread finished; awaiting finish of 2 more threads
DEBUG - 06/10/20 15:45:44 - 0:01:37 - worker exiting, processed 551 jobs
INFO - 06/10/20 15:45:44 - 0:01:37 - worker thread finished; awaiting finish of 1 more threads
DEBUG - 06/10/20 15:45:44 - 0:01:37 - worker exiting, processed 553 jobs
INFO - 06/10/20 15:45:44 - 0:01:37 - worker thread finished; awaiting finish of 0 more threads
INFO - 06/10/20 15:45:44 - 0:01:37 - EPOCH - 3 : training on 19437238 raw words (4706369 effective words) took 6.0s, 786176 effective words/s
INFO - 06/10/20 15:45:45 - 0:01:38 - EPOCH 4 - PROGRESS: at 17.58% examples, 790845 words/s, in_qsize 7, out_qsize 0
INFO - 06/10/20 15:45:46 - 0:01:39 - EPOCH 4 - PROGRESS: at 33.69% examples, 777136 words/s, in_qsize 7, out_qsize 0
INFO - 06/10/20 15:45:47 - 0:01:40 - EPOCH 4 - PROGRESS: at 51.10% examples, 779989 words/s, in_qsize 7, out_qsize 0
INFO - 06/10/20 15:45:48 - 0:01:41 - EPOCH 4 - PROGRESS: at 67.91% examples, 764328 words/s, in_qsize 7, out_qsize 1
INFO - 06/10/20 15:45:49 - 0:01:42 - EPOCH 4 - PROGRESS: at 83.27% examples, 773045 words/s, in_qsize 7, out_qsize 0
INFO - 06/10/20 15:45:50 - 0:01:43 - EPOCH 4 - PROGRESS: at 98.61% examples, 771340 words/s, in_qsize 8, out_qsize 0
DEBUG - 06/10/20 15:45:50 - 0:01:43 - job loop exiting, total 2210 jobs
DEBUG - 06/10/20 15:45:50 - 0:01:43 - worker exiting, processed 563 jobs
INFO - 06/10/20 15:45:50 - 0:01:43 - worker thread finished; awaiting finish of 3 more threads
DEBUG - 06/10/20 15:45:50 - 0:01:43 - worker exiting, processed 550 jobs
INFO - 06/10/20 15:45:50 - 0:01:43 - worker thread finished; awaiting finish of 2 more threads
DEBUG - 06/10/20 15:45:50 - 0:01:43 - worker exiting, processed 552 jobs
INFO - 06/10/20 15:45:50 - 0:01:43 - worker thread finished; awaiting finish of 1 more threads
DEBUG - 06/10/20 15:45:50 - 0:01:43 - worker exiting, processed 545 jobs
INFO - 06/10/20 15:45:50 - 0:01:43 - worker thread finished; awaiting finish of 0 more threads
INFO - 06/10/20 15:45:50 - 0:01:43 - EPOCH - 4 : training on 19437238 raw words (4706388 effective words) took 6.1s, 772369 effective words/s
INFO - 06/10/20 15:45:51 - 0:01:44 - EPOCH 5 - PROGRESS: at 17.10% examples, 766221 words/s, in_qsize 8, out_qsize 0
INFO - 06/10/20 15:45:52 - 0:01:45 - EPOCH 5 - PROGRESS: at 33.46% examples, 773094 words/s, in_qsize 7, out_qsize 0
INFO - 06/10/20 15:45:53 - 0:01:46 - EPOCH 5 - PROGRESS: at 50.05% examples, 768133 words/s, in_qsize 8, out_qsize 0
INFO - 06/10/20 15:45:54 - 0:01:47 - EPOCH 5 - PROGRESS: at 67.36% examples, 760929 words/s, in_qsize 7, out_qsize 0
INFO - 06/10/20 15:45:55 - 0:01:48 - EPOCH 5 - PROGRESS: at 82.61% examples, 769675 words/s, in_qsize 7, out_qsize 0
INFO - 06/10/20 15:45:56 - 0:01:49 - EPOCH 5 - PROGRESS: at 98.30% examples, 769944 words/s, in_qsize 7, out_qsize 0
DEBUG - 06/10/20 15:45:56 - 0:01:49 - job loop exiting, total 2210 jobs
DEBUG - 06/10/20 15:45:56 - 0:01:49 - worker exiting, processed 544 jobs
INFO - 06/10/20 15:45:56 - 0:01:49 - worker thread finished; awaiting finish of 3 more threads
DEBUG - 06/10/20 15:45:56 - 0:01:49 - worker exiting, processed 567 jobs
INFO - 06/10/20 15:45:56 - 0:01:49 - worker thread finished; awaiting finish of 2 more threads
DEBUG - 06/10/20 15:45:56 - 0:01:49 - worker exiting, processed 555 jobs
INFO - 06/10/20 15:45:56 - 0:01:49 - worker thread finished; awaiting finish of 1 more threads
DEBUG - 06/10/20 15:45:56 - 0:01:49 - worker exiting, processed 544 jobs
INFO - 06/10/20 15:45:56 - 0:01:49 - worker thread finished; awaiting finish of 0 more threads
INFO - 06/10/20 15:45:56 - 0:01:49 - EPOCH - 5 : training on 19437238 raw words (4705798 effective words) took 6.1s, 770866 effective words/s
INFO - 06/10/20 15:45:56 - 0:01:49 - training on a 97186190 raw words (23530986 effective words) took 30.6s, 769756 effective words/s
INFO - 06/10/20 15:45:56 - 0:01:49 - collecting all words and their counts
WARNING - 06/10/20 15:45:56 - 0:01:49 - Each 'words' should be a list of words (usually unicode strings). First 'words' here is instead plain <class 'str'>.
INFO - 06/10/20 15:45:56 - 0:01:49 - PROGRESS: at example #0, processed 0 words (0/s), 0 word types, 0 tags
INFO - 06/10/20 15:45:57 - 0:01:49 - PROGRESS: at example #10000, processed 2396065 words (9925323/s), 562 word types, 10000 tags
INFO - 06/10/20 15:45:57 - 0:01:49 - PROGRESS: at example #20000, processed 4921453 words (10212422/s), 736 word types, 20000 tags
INFO - 06/10/20 15:45:57 - 0:01:49 - collected 826 word types and 24137 unique tags from a corpus of 24137 examples and 6035095 words
INFO - 06/10/20 15:45:57 - 0:01:49 - Loading a fresh vocabulary
INFO - 06/10/20 15:45:57 - 0:01:49 - effective_min_count=1 retains 826 unique words (100% of original 826, drops 0)
INFO - 06/10/20 15:45:57 - 0:01:49 - effective_min_count=1 leaves 6035095 word corpus (100% of original 6035095, drops 0)
INFO - 06/10/20 15:45:57 - 0:01:49 - deleting the raw counts dictionary of 826 items
INFO - 06/10/20 15:45:57 - 0:01:49 - sample=0.001 downsamples 36 most-common words
INFO - 06/10/20 15:45:57 - 0:01:49 - downsampling leaves estimated 1474642 word corpus (24.4% of prior 6035095)
INFO - 06/10/20 15:45:57 - 0:01:49 - estimated required memory for 826 words and 300 dimensions: 31359800 bytes
INFO - 06/10/20 15:45:57 - 0:01:49 - resetting layer weights
INFO - 06/10/20 15:46:02 - 0:01:55 - training model with 4 workers on 826 vocabulary and 300 features, using sg=0 hs=0 sample=0.001 negative=5 window=2
INFO - 06/10/20 15:46:03 - 0:01:56 - EPOCH 1 - PROGRESS: at 36.04% examples, 517968 words/s, in_qsize 8, out_qsize 0
INFO - 06/10/20 15:46:04 - 0:01:57 - EPOCH 1 - PROGRESS: at 71.14% examples, 512529 words/s, in_qsize 7, out_qsize 0
DEBUG - 06/10/20 15:46:05 - 0:01:57 - job loop exiting, total 661 jobs
DEBUG - 06/10/20 15:46:05 - 0:01:57 - worker exiting, processed 163 jobs
INFO - 06/10/20 15:46:05 - 0:01:57 - worker thread finished; awaiting finish of 3 more threads
DEBUG - 06/10/20 15:46:05 - 0:01:57 - worker exiting, processed 172 jobs
INFO - 06/10/20 15:46:05 - 0:01:57 - worker thread finished; awaiting finish of 2 more threads
DEBUG - 06/10/20 15:46:05 - 0:01:57 - worker exiting, processed 163 jobs
INFO - 06/10/20 15:46:05 - 0:01:57 - worker thread finished; awaiting finish of 1 more threads
DEBUG - 06/10/20 15:46:05 - 0:01:57 - worker exiting, processed 163 jobs
INFO - 06/10/20 15:46:05 - 0:01:57 - worker thread finished; awaiting finish of 0 more threads
INFO - 06/10/20 15:46:05 - 0:01:57 - EPOCH - 1 : training on 6035095 raw words (1498670 effective words) took 2.9s, 525205 effective words/s
INFO - 06/10/20 15:46:06 - 0:01:58 - EPOCH 2 - PROGRESS: at 35.39% examples, 503621 words/s, in_qsize 8, out_qsize 0
INFO - 06/10/20 15:46:07 - 0:01:59 - EPOCH 2 - PROGRESS: at 71.10% examples, 511170 words/s, in_qsize 7, out_qsize 0
DEBUG - 06/10/20 15:46:08 - 0:02:00 - job loop exiting, total 661 jobs
DEBUG - 06/10/20 15:46:08 - 0:02:00 - worker exiting, processed 161 jobs
INFO - 06/10/20 15:46:08 - 0:02:00 - worker thread finished; awaiting finish of 3 more threads
DEBUG - 06/10/20 15:46:08 - 0:02:00 - worker exiting, processed 165 jobs
INFO - 06/10/20 15:46:08 - 0:02:00 - worker thread finished; awaiting finish of 2 more threads
DEBUG - 06/10/20 15:46:08 - 0:02:00 - worker exiting, processed 170 jobs
INFO - 06/10/20 15:46:08 - 0:02:00 - worker thread finished; awaiting finish of 1 more threads
DEBUG - 06/10/20 15:46:08 - 0:02:00 - worker exiting, processed 165 jobs
INFO - 06/10/20 15:46:08 - 0:02:00 - worker thread finished; awaiting finish of 0 more threads
INFO - 06/10/20 15:46:08 - 0:02:00 - EPOCH - 2 : training on 6035095 raw words (1499543 effective words) took 2.9s, 525548 effective words/s
INFO - 06/10/20 15:46:09 - 0:02:01 - EPOCH 3 - PROGRESS: at 35.87% examples, 514960 words/s, in_qsize 7, out_qsize 0
INFO - 06/10/20 15:46:10 - 0:02:02 - EPOCH 3 - PROGRESS: at 71.57% examples, 515543 words/s, in_qsize 7, out_qsize 0
DEBUG - 06/10/20 15:46:11 - 0:02:03 - job loop exiting, total 661 jobs
DEBUG - 06/10/20 15:46:11 - 0:02:03 - worker exiting, processed 167 jobs
INFO - 06/10/20 15:46:11 - 0:02:03 - worker thread finished; awaiting finish of 3 more threads
DEBUG - 06/10/20 15:46:11 - 0:02:03 - worker exiting, processed 162 jobs
INFO - 06/10/20 15:46:11 - 0:02:03 - worker thread finished; awaiting finish of 2 more threads
DEBUG - 06/10/20 15:46:11 - 0:02:03 - worker exiting, processed 166 jobs
INFO - 06/10/20 15:46:11 - 0:02:03 - worker thread finished; awaiting finish of 1 more threads
DEBUG - 06/10/20 15:46:11 - 0:02:03 - worker exiting, processed 166 jobs
INFO - 06/10/20 15:46:11 - 0:02:03 - worker thread finished; awaiting finish of 0 more threads
INFO - 06/10/20 15:46:11 - 0:02:03 - EPOCH - 3 : training on 6035095 raw words (1497765 effective words) took 2.8s, 526550 effective words/s
INFO - 06/10/20 15:46:12 - 0:02:04 - EPOCH 4 - PROGRESS: at 36.04% examples, 515675 words/s, in_qsize 7, out_qsize 0
INFO - 06/10/20 15:46:13 - 0:02:05 - EPOCH 4 - PROGRESS: at 71.10% examples, 511413 words/s, in_qsize 7, out_qsize 0
DEBUG - 06/10/20 15:46:13 - 0:02:06 - job loop exiting, total 661 jobs
DEBUG - 06/10/20 15:46:13 - 0:02:06 - worker exiting, processed 162 jobs
INFO - 06/10/20 15:46:13 - 0:02:06 - worker thread finished; awaiting finish of 3 more threads
DEBUG - 06/10/20 15:46:13 - 0:02:06 - worker exiting, processed 164 jobs
DEBUG - 06/10/20 15:46:13 - 0:02:06 - worker exiting, processed 171 jobs
INFO - 06/10/20 15:46:13 - 0:02:06 - worker thread finished; awaiting finish of 2 more threads
INFO - 06/10/20 15:46:13 - 0:02:06 - worker thread finished; awaiting finish of 1 more threads
DEBUG - 06/10/20 15:46:13 - 0:02:06 - worker exiting, processed 164 jobs
INFO - 06/10/20 15:46:13 - 0:02:06 - worker thread finished; awaiting finish of 0 more threads
INFO - 06/10/20 15:46:13 - 0:02:06 - EPOCH - 4 : training on 6035095 raw words (1497897 effective words) took 2.9s, 524872 effective words/s
INFO - 06/10/20 15:46:14 - 0:02:07 - EPOCH 5 - PROGRESS: at 29.35% examples, 411651 words/s, in_qsize 8, out_qsize 0
INFO - 06/10/20 15:46:15 - 0:02:08 - EPOCH 5 - PROGRESS: at 62.52% examples, 447730 words/s, in_qsize 8, out_qsize 0
INFO - 06/10/20 15:46:16 - 0:02:09 - EPOCH 5 - PROGRESS: at 95.28% examples, 474741 words/s, in_qsize 8, out_qsize 0
DEBUG - 06/10/20 15:46:17 - 0:02:09 - job loop exiting, total 661 jobs
DEBUG - 06/10/20 15:46:17 - 0:02:09 - worker exiting, processed 160 jobs
INFO - 06/10/20 15:46:17 - 0:02:09 - worker thread finished; awaiting finish of 3 more threads
DEBUG - 06/10/20 15:46:17 - 0:02:09 - worker exiting, processed 168 jobs
INFO - 06/10/20 15:46:17 - 0:02:09 - worker thread finished; awaiting finish of 2 more threads
DEBUG - 06/10/20 15:46:17 - 0:02:09 - worker exiting, processed 162 jobs
INFO - 06/10/20 15:46:17 - 0:02:09 - worker thread finished; awaiting finish of 1 more threads
DEBUG - 06/10/20 15:46:17 - 0:02:09 - worker exiting, processed 171 jobs
INFO - 06/10/20 15:46:17 - 0:02:09 - worker thread finished; awaiting finish of 0 more threads
INFO - 06/10/20 15:46:17 - 0:02:09 - EPOCH - 5 : training on 6035095 raw words (1499257 effective words) took 3.1s, 476821 effective words/s
INFO - 06/10/20 15:46:17 - 0:02:09 - training on a 30175475 raw words (7493132 effective words) took 14.6s, 514617 effective words/s
