INFO - 06/03/20 22:20:45 - 0:00:00 - ============ Initialized logger ============
INFO - 06/03/20 22:20:45 - 0:00:00 - adversarial: True
                                     all_langs: ['nl', 'en']
                                     batch_size: 32
                                     cuda: False
                                     device: cpu
                                     dico_build: S2T&T2S
                                     dico_eval: default
                                     dico_max_rank: 15000
                                     dico_max_size: 0
                                     dico_method: csls_knn_10
                                     dico_min_size: 0
                                     dico_threshold: 0
                                     dis_clip_weights: 0
                                     dis_dropout: 0.0
                                     dis_hid_dim: 2048
                                     dis_input_dropout: 0.1
                                     dis_lambda: 1
                                     dis_layers: 2
                                     dis_most_frequent: 0
                                     dis_optimizer: sgd,lr=0.1
                                     dis_smooth: 0.1
                                     dis_steps: 5
                                     emb_dim: 300
                                     epoch_size: 4000
                                     exp_id: 
                                     exp_name: debug
                                     exp_path: C:\Users\xabik\OneDrive\Documents\GitHub\LTP-TopicModel\EmbeddedDocs\dumped\debug\lmwl95l85b
                                     export: 
                                     lr_decay: 0.98
                                     lr_shrink: 0.5
                                     map_beta: 0.001
                                     map_id_init: True
                                     map_optimizer: sgd,lr=0.1
                                     max_vocab: -1
                                     min_lr: 1e-06
                                     n_epochs: 5
                                     normalize_embeddings: 
                                     seed: -1
                                     src_N: 1
                                     src_embs: ['data/fasttext-vectors/wiki.nl.vec']
                                     src_langs: ['nl']
                                     tgt_emb: data/fasttext-vectors/wiki.en.vec
                                     tgt_lang: en
                                     verbose: 2
INFO - 06/03/20 22:20:45 - 0:00:00 - The experiment will be stored in C:\Users\xabik\OneDrive\Documents\GitHub\LTP-TopicModel\EmbeddedDocs\dumped\debug\lmwl95l85b
INFO - 06/03/20 22:21:09 - 0:00:24 - collecting all words and their counts
WARNING - 06/03/20 22:21:09 - 0:00:24 - Each 'words' should be a list of words (usually unicode strings). First 'words' here is instead plain <class 'str'>.
INFO - 06/03/20 22:21:09 - 0:00:24 - PROGRESS: at example #0, processed 0 words (0/s), 0 word types, 0 tags
INFO - 06/03/20 22:21:10 - 0:00:25 - PROGRESS: at example #10000, processed 7941402 words (8560813/s), 931 word types, 10000 tags
INFO - 06/03/20 22:21:11 - 0:00:26 - PROGRESS: at example #20000, processed 15953830 words (8023436/s), 1414 word types, 20000 tags
INFO - 06/03/20 22:21:12 - 0:00:27 - collected 1589 word types and 24259 unique tags from a corpus of 24259 examples and 19437238 words
INFO - 06/03/20 22:21:12 - 0:00:27 - Loading a fresh vocabulary
INFO - 06/03/20 22:21:12 - 0:00:27 - effective_min_count=1 retains 1589 unique words (100% of original 1589, drops 0)
INFO - 06/03/20 22:21:12 - 0:00:27 - effective_min_count=1 leaves 19437238 word corpus (100% of original 19437238, drops 0)
INFO - 06/03/20 22:21:12 - 0:00:27 - deleting the raw counts dictionary of 1589 items
INFO - 06/03/20 22:21:12 - 0:00:27 - sample=0.001 downsamples 34 most-common words
INFO - 06/03/20 22:21:12 - 0:00:27 - downsampling leaves estimated 4704949 word corpus (24.2% of prior 19437238)
INFO - 06/03/20 22:21:12 - 0:00:27 - estimated required memory for 1589 words and 300 dimensions: 33718900 bytes
INFO - 06/03/20 22:21:12 - 0:00:27 - resetting layer weights
INFO - 06/03/20 22:21:17 - 0:00:32 - training model with 4 workers on 1589 vocabulary and 300 features, using sg=0 hs=0 sample=0.001 negative=5 window=2
INFO - 06/03/20 22:21:18 - 0:00:33 - EPOCH 1 - PROGRESS: at 13.59% examples, 590437 words/s, in_qsize 7, out_qsize 0
INFO - 06/03/20 22:21:19 - 0:00:34 - EPOCH 1 - PROGRESS: at 26.28% examples, 605838 words/s, in_qsize 7, out_qsize 0
INFO - 06/03/20 22:21:20 - 0:00:35 - EPOCH 1 - PROGRESS: at 37.82% examples, 590029 words/s, in_qsize 7, out_qsize 0
INFO - 06/03/20 22:21:21 - 0:00:36 - EPOCH 1 - PROGRESS: at 49.17% examples, 568298 words/s, in_qsize 8, out_qsize 0
INFO - 06/03/20 22:21:22 - 0:00:37 - EPOCH 1 - PROGRESS: at 59.76% examples, 546036 words/s, in_qsize 8, out_qsize 0
INFO - 06/03/20 22:21:23 - 0:00:38 - EPOCH 1 - PROGRESS: at 69.98% examples, 526554 words/s, in_qsize 7, out_qsize 0
INFO - 06/03/20 22:21:24 - 0:00:39 - EPOCH 1 - PROGRESS: at 79.16% examples, 524517 words/s, in_qsize 8, out_qsize 0
INFO - 06/03/20 22:21:25 - 0:00:40 - EPOCH 1 - PROGRESS: at 89.20% examples, 520496 words/s, in_qsize 6, out_qsize 1
INFO - 06/03/20 22:21:26 - 0:00:41 - EPOCH 1 - PROGRESS: at 99.11% examples, 517416 words/s, in_qsize 7, out_qsize 0
DEBUG - 06/03/20 22:21:26 - 0:00:41 - job loop exiting, total 2210 jobs
DEBUG - 06/03/20 22:21:26 - 0:00:41 - worker exiting, processed 537 jobs
INFO - 06/03/20 22:21:26 - 0:00:41 - worker thread finished; awaiting finish of 3 more threads
DEBUG - 06/03/20 22:21:26 - 0:00:41 - worker exiting, processed 546 jobs
INFO - 06/03/20 22:21:26 - 0:00:41 - worker thread finished; awaiting finish of 2 more threads
DEBUG - 06/03/20 22:21:26 - 0:00:41 - worker exiting, processed 569 jobs
INFO - 06/03/20 22:21:26 - 0:00:41 - worker thread finished; awaiting finish of 1 more threads
DEBUG - 06/03/20 22:21:26 - 0:00:41 - worker exiting, processed 558 jobs
INFO - 06/03/20 22:21:26 - 0:00:41 - worker thread finished; awaiting finish of 0 more threads
INFO - 06/03/20 22:21:26 - 0:00:41 - EPOCH - 1 : training on 19437238 raw words (4707850 effective words) took 9.1s, 517075 effective words/s
INFO - 06/03/20 22:21:27 - 0:00:42 - EPOCH 2 - PROGRESS: at 11.71% examples, 500339 words/s, in_qsize 7, out_qsize 0
INFO - 06/03/20 22:21:28 - 0:00:43 - EPOCH 2 - PROGRESS: at 24.25% examples, 563017 words/s, in_qsize 7, out_qsize 0
INFO - 06/03/20 22:21:29 - 0:00:45 - EPOCH 2 - PROGRESS: at 36.67% examples, 567298 words/s, in_qsize 8, out_qsize 0
INFO - 06/03/20 22:21:30 - 0:00:46 - EPOCH 2 - PROGRESS: at 49.49% examples, 569772 words/s, in_qsize 7, out_qsize 0
INFO - 06/03/20 22:21:31 - 0:00:47 - EPOCH 2 - PROGRESS: at 62.92% examples, 570069 words/s, in_qsize 7, out_qsize 0
INFO - 06/03/20 22:21:32 - 0:00:48 - EPOCH 2 - PROGRESS: at 76.00% examples, 578317 words/s, in_qsize 7, out_qsize 0
INFO - 06/03/20 22:21:33 - 0:00:49 - EPOCH 2 - PROGRESS: at 88.38% examples, 587197 words/s, in_qsize 7, out_qsize 0
INFO - 06/03/20 22:21:34 - 0:00:50 - EPOCH 2 - PROGRESS: at 98.65% examples, 577827 words/s, in_qsize 8, out_qsize 0
DEBUG - 06/03/20 22:21:34 - 0:00:50 - job loop exiting, total 2210 jobs
DEBUG - 06/03/20 22:21:34 - 0:00:50 - worker exiting, processed 556 jobs
INFO - 06/03/20 22:21:34 - 0:00:50 - worker thread finished; awaiting finish of 3 more threads
DEBUG - 06/03/20 22:21:34 - 0:00:50 - worker exiting, processed 556 jobs
INFO - 06/03/20 22:21:34 - 0:00:50 - worker thread finished; awaiting finish of 2 more threads
DEBUG - 06/03/20 22:21:34 - 0:00:50 - worker exiting, processed 544 jobs
INFO - 06/03/20 22:21:34 - 0:00:50 - worker thread finished; awaiting finish of 1 more threads
DEBUG - 06/03/20 22:21:34 - 0:00:50 - worker exiting, processed 554 jobs
INFO - 06/03/20 22:21:34 - 0:00:50 - worker thread finished; awaiting finish of 0 more threads
INFO - 06/03/20 22:21:34 - 0:00:50 - EPOCH - 2 : training on 19437238 raw words (4703660 effective words) took 8.1s, 577184 effective words/s
INFO - 06/03/20 22:21:36 - 0:00:51 - EPOCH 3 - PROGRESS: at 11.61% examples, 487375 words/s, in_qsize 8, out_qsize 0
INFO - 06/03/20 22:21:37 - 0:00:52 - EPOCH 3 - PROGRESS: at 22.25% examples, 508310 words/s, in_qsize 8, out_qsize 0
INFO - 06/03/20 22:21:38 - 0:00:53 - EPOCH 3 - PROGRESS: at 35.37% examples, 544378 words/s, in_qsize 7, out_qsize 0
INFO - 06/03/20 22:21:39 - 0:00:54 - EPOCH 3 - PROGRESS: at 48.73% examples, 561763 words/s, in_qsize 7, out_qsize 0
INFO - 06/03/20 22:21:40 - 0:00:55 - EPOCH 3 - PROGRESS: at 61.53% examples, 559189 words/s, in_qsize 7, out_qsize 0
INFO - 06/03/20 22:21:41 - 0:00:56 - EPOCH 3 - PROGRESS: at 74.74% examples, 568611 words/s, in_qsize 7, out_qsize 0
INFO - 06/03/20 22:21:42 - 0:00:57 - EPOCH 3 - PROGRESS: at 85.67% examples, 573095 words/s, in_qsize 7, out_qsize 0
INFO - 06/03/20 22:21:43 - 0:00:58 - EPOCH 3 - PROGRESS: at 98.56% examples, 579262 words/s, in_qsize 7, out_qsize 0
DEBUG - 06/03/20 22:21:43 - 0:00:58 - job loop exiting, total 2210 jobs
DEBUG - 06/03/20 22:21:43 - 0:00:58 - worker exiting, processed 568 jobs
INFO - 06/03/20 22:21:43 - 0:00:58 - worker thread finished; awaiting finish of 3 more threads
DEBUG - 06/03/20 22:21:43 - 0:00:58 - worker exiting, processed 545 jobs
INFO - 06/03/20 22:21:43 - 0:00:58 - worker thread finished; awaiting finish of 2 more threads
DEBUG - 06/03/20 22:21:43 - 0:00:58 - worker exiting, processed 559 jobs
INFO - 06/03/20 22:21:43 - 0:00:58 - worker thread finished; awaiting finish of 1 more threads
DEBUG - 06/03/20 22:21:43 - 0:00:58 - worker exiting, processed 538 jobs
INFO - 06/03/20 22:21:43 - 0:00:58 - worker thread finished; awaiting finish of 0 more threads
INFO - 06/03/20 22:21:43 - 0:00:58 - EPOCH - 3 : training on 19437238 raw words (4706601 effective words) took 8.1s, 579678 effective words/s
INFO - 06/03/20 22:21:44 - 0:00:59 - EPOCH 4 - PROGRESS: at 12.66% examples, 538899 words/s, in_qsize 7, out_qsize 0
INFO - 06/03/20 22:21:45 - 0:01:00 - EPOCH 4 - PROGRESS: at 24.19% examples, 565142 words/s, in_qsize 7, out_qsize 0
INFO - 06/03/20 22:21:46 - 0:01:01 - EPOCH 4 - PROGRESS: at 36.78% examples, 572104 words/s, in_qsize 7, out_qsize 0
INFO - 06/03/20 22:21:47 - 0:01:02 - EPOCH 4 - PROGRESS: at 48.92% examples, 565007 words/s, in_qsize 7, out_qsize 0
INFO - 06/03/20 22:21:48 - 0:01:03 - EPOCH 4 - PROGRESS: at 61.99% examples, 562842 words/s, in_qsize 7, out_qsize 0
INFO - 06/03/20 22:21:49 - 0:01:04 - EPOCH 4 - PROGRESS: at 74.44% examples, 566497 words/s, in_qsize 7, out_qsize 0
INFO - 06/03/20 22:21:50 - 0:01:05 - EPOCH 4 - PROGRESS: at 85.17% examples, 569231 words/s, in_qsize 7, out_qsize 0
INFO - 06/03/20 22:21:51 - 0:01:06 - EPOCH 4 - PROGRESS: at 97.88% examples, 575141 words/s, in_qsize 7, out_qsize 0
DEBUG - 06/03/20 22:21:51 - 0:01:06 - job loop exiting, total 2210 jobs
DEBUG - 06/03/20 22:21:51 - 0:01:06 - worker exiting, processed 566 jobs
INFO - 06/03/20 22:21:51 - 0:01:06 - worker thread finished; awaiting finish of 3 more threads
DEBUG - 06/03/20 22:21:51 - 0:01:06 - worker exiting, processed 554 jobs
INFO - 06/03/20 22:21:51 - 0:01:06 - worker thread finished; awaiting finish of 2 more threads
DEBUG - 06/03/20 22:21:51 - 0:01:06 - worker exiting, processed 552 jobs
INFO - 06/03/20 22:21:51 - 0:01:06 - worker thread finished; awaiting finish of 1 more threads
DEBUG - 06/03/20 22:21:51 - 0:01:06 - worker exiting, processed 538 jobs
INFO - 06/03/20 22:21:51 - 0:01:06 - worker thread finished; awaiting finish of 0 more threads
INFO - 06/03/20 22:21:51 - 0:01:06 - EPOCH - 4 : training on 19437238 raw words (4707984 effective words) took 8.2s, 575908 effective words/s
INFO - 06/03/20 22:21:52 - 0:01:07 - EPOCH 5 - PROGRESS: at 13.33% examples, 570290 words/s, in_qsize 8, out_qsize 1
INFO - 06/03/20 22:21:53 - 0:01:08 - EPOCH 5 - PROGRESS: at 25.13% examples, 581421 words/s, in_qsize 7, out_qsize 0
INFO - 06/03/20 22:21:54 - 0:01:09 - EPOCH 5 - PROGRESS: at 37.82% examples, 585201 words/s, in_qsize 7, out_qsize 0
INFO - 06/03/20 22:21:55 - 0:01:10 - EPOCH 5 - PROGRESS: at 50.46% examples, 576740 words/s, in_qsize 7, out_qsize 0
INFO - 06/03/20 22:21:56 - 0:01:11 - EPOCH 5 - PROGRESS: at 63.72% examples, 574068 words/s, in_qsize 8, out_qsize 0
INFO - 06/03/20 22:21:57 - 0:01:12 - EPOCH 5 - PROGRESS: at 76.04% examples, 578086 words/s, in_qsize 7, out_qsize 0
INFO - 06/03/20 22:21:58 - 0:01:13 - EPOCH 5 - PROGRESS: at 86.76% examples, 577679 words/s, in_qsize 7, out_qsize 0
INFO - 06/03/20 22:21:59 - 0:01:14 - EPOCH 5 - PROGRESS: at 98.90% examples, 578872 words/s, in_qsize 8, out_qsize 1
DEBUG - 06/03/20 22:21:59 - 0:01:14 - job loop exiting, total 2210 jobs
DEBUG - 06/03/20 22:21:59 - 0:01:14 - worker exiting, processed 539 jobs
INFO - 06/03/20 22:21:59 - 0:01:14 - worker thread finished; awaiting finish of 3 more threads
DEBUG - 06/03/20 22:21:59 - 0:01:14 - worker exiting, processed 554 jobs
INFO - 06/03/20 22:21:59 - 0:01:14 - worker thread finished; awaiting finish of 2 more threads
DEBUG - 06/03/20 22:21:59 - 0:01:14 - worker exiting, processed 566 jobs
INFO - 06/03/20 22:21:59 - 0:01:14 - worker thread finished; awaiting finish of 1 more threads
DEBUG - 06/03/20 22:21:59 - 0:01:14 - worker exiting, processed 551 jobs
INFO - 06/03/20 22:21:59 - 0:01:14 - worker thread finished; awaiting finish of 0 more threads
INFO - 06/03/20 22:21:59 - 0:01:14 - EPOCH - 5 : training on 19437238 raw words (4706893 effective words) took 8.2s, 577287 effective words/s
INFO - 06/03/20 22:21:59 - 0:01:14 - training on a 97186190 raw words (23532988 effective words) took 41.7s, 563763 effective words/s
INFO - 06/03/20 22:21:59 - 0:01:14 - collecting all words and their counts
WARNING - 06/03/20 22:21:59 - 0:01:14 - Each 'words' should be a list of words (usually unicode strings). First 'words' here is instead plain <class 'str'>.
INFO - 06/03/20 22:21:59 - 0:01:14 - PROGRESS: at example #0, processed 0 words (0/s), 0 word types, 0 tags
INFO - 06/03/20 22:21:59 - 0:01:14 - PROGRESS: at example #10000, processed 2396065 words (9627545/s), 562 word types, 10000 tags
INFO - 06/03/20 22:22:00 - 0:01:15 - PROGRESS: at example #20000, processed 4921453 words (9125018/s), 736 word types, 20000 tags
INFO - 06/03/20 22:22:00 - 0:01:15 - collected 826 word types and 24137 unique tags from a corpus of 24137 examples and 6035095 words
INFO - 06/03/20 22:22:00 - 0:01:15 - Loading a fresh vocabulary
INFO - 06/03/20 22:22:00 - 0:01:15 - effective_min_count=1 retains 826 unique words (100% of original 826, drops 0)
INFO - 06/03/20 22:22:00 - 0:01:15 - effective_min_count=1 leaves 6035095 word corpus (100% of original 6035095, drops 0)
INFO - 06/03/20 22:22:00 - 0:01:15 - deleting the raw counts dictionary of 826 items
INFO - 06/03/20 22:22:00 - 0:01:15 - sample=0.001 downsamples 36 most-common words
INFO - 06/03/20 22:22:00 - 0:01:15 - downsampling leaves estimated 1474642 word corpus (24.4% of prior 6035095)
INFO - 06/03/20 22:22:00 - 0:01:15 - estimated required memory for 826 words and 300 dimensions: 31359800 bytes
INFO - 06/03/20 22:22:00 - 0:01:15 - resetting layer weights
INFO - 06/03/20 22:22:05 - 0:01:20 - training model with 4 workers on 826 vocabulary and 300 features, using sg=0 hs=0 sample=0.001 negative=5 window=2
INFO - 06/03/20 22:22:06 - 0:01:21 - EPOCH 1 - PROGRESS: at 20.92% examples, 294305 words/s, in_qsize 8, out_qsize 0
INFO - 06/03/20 22:22:07 - 0:01:22 - EPOCH 1 - PROGRESS: at 44.82% examples, 324588 words/s, in_qsize 7, out_qsize 0
INFO - 06/03/20 22:22:08 - 0:01:23 - EPOCH 1 - PROGRESS: at 68.79% examples, 328571 words/s, in_qsize 8, out_qsize 0
INFO - 06/03/20 22:22:09 - 0:01:24 - EPOCH 1 - PROGRESS: at 91.83% examples, 341827 words/s, in_qsize 8, out_qsize 1
DEBUG - 06/03/20 22:22:09 - 0:01:25 - job loop exiting, total 661 jobs
DEBUG - 06/03/20 22:22:10 - 0:01:25 - worker exiting, processed 163 jobs
INFO - 06/03/20 22:22:10 - 0:01:25 - worker thread finished; awaiting finish of 3 more threads
DEBUG - 06/03/20 22:22:10 - 0:01:25 - worker exiting, processed 163 jobs
INFO - 06/03/20 22:22:10 - 0:01:25 - worker thread finished; awaiting finish of 2 more threads
DEBUG - 06/03/20 22:22:10 - 0:01:25 - worker exiting, processed 167 jobs
INFO - 06/03/20 22:22:10 - 0:01:25 - worker thread finished; awaiting finish of 1 more threads
DEBUG - 06/03/20 22:22:10 - 0:01:25 - worker exiting, processed 168 jobs
INFO - 06/03/20 22:22:10 - 0:01:25 - worker thread finished; awaiting finish of 0 more threads
INFO - 06/03/20 22:22:10 - 0:01:25 - EPOCH - 1 : training on 6035095 raw words (1499200 effective words) took 4.4s, 343159 effective words/s
INFO - 06/03/20 22:22:11 - 0:01:26 - EPOCH 2 - PROGRESS: at 23.79% examples, 337866 words/s, in_qsize 7, out_qsize 0
INFO - 06/03/20 22:22:12 - 0:01:27 - EPOCH 2 - PROGRESS: at 48.30% examples, 349127 words/s, in_qsize 7, out_qsize 0
INFO - 06/03/20 22:22:13 - 0:01:28 - EPOCH 2 - PROGRESS: at 72.59% examples, 347862 words/s, in_qsize 8, out_qsize 0
INFO - 06/03/20 22:22:14 - 0:01:29 - EPOCH 2 - PROGRESS: at 95.70% examples, 356147 words/s, in_qsize 8, out_qsize 0
DEBUG - 06/03/20 22:22:14 - 0:01:29 - job loop exiting, total 661 jobs
DEBUG - 06/03/20 22:22:14 - 0:01:29 - worker exiting, processed 164 jobs
INFO - 06/03/20 22:22:14 - 0:01:29 - worker thread finished; awaiting finish of 3 more threads
DEBUG - 06/03/20 22:22:14 - 0:01:29 - worker exiting, processed 162 jobs
DEBUG - 06/03/20 22:22:14 - 0:01:29 - worker exiting, processed 168 jobs
DEBUG - 06/03/20 22:22:14 - 0:01:29 - worker exiting, processed 167 jobs
INFO - 06/03/20 22:22:14 - 0:01:29 - worker thread finished; awaiting finish of 2 more threads
INFO - 06/03/20 22:22:14 - 0:01:29 - worker thread finished; awaiting finish of 1 more threads
INFO - 06/03/20 22:22:14 - 0:01:29 - worker thread finished; awaiting finish of 0 more threads
INFO - 06/03/20 22:22:14 - 0:01:29 - EPOCH - 2 : training on 6035095 raw words (1500375 effective words) took 4.2s, 356583 effective words/s
INFO - 06/03/20 22:22:15 - 0:01:30 - EPOCH 3 - PROGRESS: at 23.79% examples, 337836 words/s, in_qsize 7, out_qsize 0
INFO - 06/03/20 22:22:16 - 0:01:31 - EPOCH 3 - PROGRESS: at 48.30% examples, 349540 words/s, in_qsize 7, out_qsize 0
INFO - 06/03/20 22:22:17 - 0:01:32 - EPOCH 3 - PROGRESS: at 72.09% examples, 346679 words/s, in_qsize 7, out_qsize 0
INFO - 06/03/20 22:22:18 - 0:01:33 - EPOCH 3 - PROGRESS: at 95.27% examples, 356185 words/s, in_qsize 8, out_qsize 0
DEBUG - 06/03/20 22:22:18 - 0:01:33 - job loop exiting, total 661 jobs
DEBUG - 06/03/20 22:22:18 - 0:01:33 - worker exiting, processed 163 jobs
INFO - 06/03/20 22:22:18 - 0:01:33 - worker thread finished; awaiting finish of 3 more threads
DEBUG - 06/03/20 22:22:18 - 0:01:33 - worker exiting, processed 165 jobs
INFO - 06/03/20 22:22:18 - 0:01:33 - worker thread finished; awaiting finish of 2 more threads
DEBUG - 06/03/20 22:22:18 - 0:01:33 - worker exiting, processed 166 jobs
INFO - 06/03/20 22:22:18 - 0:01:33 - worker thread finished; awaiting finish of 1 more threads
DEBUG - 06/03/20 22:22:18 - 0:01:33 - worker exiting, processed 167 jobs
INFO - 06/03/20 22:22:18 - 0:01:33 - worker thread finished; awaiting finish of 0 more threads
INFO - 06/03/20 22:22:18 - 0:01:33 - EPOCH - 3 : training on 6035095 raw words (1498757 effective words) took 4.2s, 356104 effective words/s
INFO - 06/03/20 22:22:19 - 0:01:34 - EPOCH 4 - PROGRESS: at 23.91% examples, 338748 words/s, in_qsize 7, out_qsize 0
INFO - 06/03/20 22:22:20 - 0:01:35 - EPOCH 4 - PROGRESS: at 48.18% examples, 347935 words/s, in_qsize 7, out_qsize 0
INFO - 06/03/20 22:22:21 - 0:01:36 - EPOCH 4 - PROGRESS: at 72.68% examples, 346777 words/s, in_qsize 8, out_qsize 0
INFO - 06/03/20 22:22:22 - 0:01:37 - EPOCH 4 - PROGRESS: at 95.75% examples, 355749 words/s, in_qsize 8, out_qsize 0
DEBUG - 06/03/20 22:22:22 - 0:01:37 - job loop exiting, total 661 jobs
DEBUG - 06/03/20 22:22:22 - 0:01:37 - worker exiting, processed 163 jobs
DEBUG - 06/03/20 22:22:22 - 0:01:37 - worker exiting, processed 162 jobs
INFO - 06/03/20 22:22:22 - 0:01:37 - worker thread finished; awaiting finish of 3 more threads
DEBUG - 06/03/20 22:22:22 - 0:01:37 - worker exiting, processed 174 jobs
INFO - 06/03/20 22:22:22 - 0:01:37 - worker thread finished; awaiting finish of 2 more threads
DEBUG - 06/03/20 22:22:22 - 0:01:37 - worker exiting, processed 162 jobs
INFO - 06/03/20 22:22:22 - 0:01:37 - worker thread finished; awaiting finish of 1 more threads
INFO - 06/03/20 22:22:22 - 0:01:37 - worker thread finished; awaiting finish of 0 more threads
INFO - 06/03/20 22:22:22 - 0:01:37 - EPOCH - 4 : training on 6035095 raw words (1498503 effective words) took 4.2s, 357310 effective words/s
INFO - 06/03/20 22:22:23 - 0:01:38 - EPOCH 5 - PROGRESS: at 24.49% examples, 347601 words/s, in_qsize 7, out_qsize 0
INFO - 06/03/20 22:22:24 - 0:01:39 - EPOCH 5 - PROGRESS: at 48.30% examples, 349522 words/s, in_qsize 7, out_qsize 0
INFO - 06/03/20 22:22:25 - 0:01:40 - EPOCH 5 - PROGRESS: at 72.68% examples, 347027 words/s, in_qsize 7, out_qsize 1
INFO - 06/03/20 22:22:26 - 0:01:41 - EPOCH 5 - PROGRESS: at 95.70% examples, 356840 words/s, in_qsize 7, out_qsize 0
DEBUG - 06/03/20 22:22:26 - 0:01:41 - job loop exiting, total 661 jobs
DEBUG - 06/03/20 22:22:26 - 0:01:41 - worker exiting, processed 166 jobs
INFO - 06/03/20 22:22:26 - 0:01:41 - worker thread finished; awaiting finish of 3 more threads
DEBUG - 06/03/20 22:22:26 - 0:01:41 - worker exiting, processed 171 jobs
INFO - 06/03/20 22:22:26 - 0:01:41 - worker thread finished; awaiting finish of 2 more threads
DEBUG - 06/03/20 22:22:26 - 0:01:41 - worker exiting, processed 163 jobs
INFO - 06/03/20 22:22:26 - 0:01:41 - worker thread finished; awaiting finish of 1 more threads
DEBUG - 06/03/20 22:22:26 - 0:01:41 - worker exiting, processed 161 jobs
INFO - 06/03/20 22:22:26 - 0:01:41 - worker thread finished; awaiting finish of 0 more threads
INFO - 06/03/20 22:22:26 - 0:01:41 - EPOCH - 5 : training on 6035095 raw words (1499406 effective words) took 4.2s, 357371 effective words/s
INFO - 06/03/20 22:22:26 - 0:01:41 - training on a 30175475 raw words (7496241 effective words) took 21.2s, 353702 effective words/s
INFO - 06/03/20 22:23:33 - 0:02:48 - ----> MULTILINGUAL ADVERSARIAL TRAINING <----
                                     
                                     
INFO - 06/03/20 22:23:33 - 0:02:48 - Starting adversarial training epoch 0...
INFO - 06/03/20 22:23:34 - 0:02:49 - 000000 - Discriminator loss: 1.3857 - 82 samples/s
